[2025-08-16 11:46:52,888: INFO: main: >>>>>stage Data Ingestion Stage started <<<<]
[2025-08-16 11:46:52,890: INFO: common: yaml file: config\config.yaml loaded successfully]
[2025-08-16 11:46:52,891: INFO: common: yaml file: schema.yaml loaded successfully]
[2025-08-16 11:46:52,891: INFO: common: created directory at : artifacts]
[2025-08-16 11:46:52,892: INFO: common: created directory at : artifacts/data_ingestion]
[2025-08-16 11:46:52,892: INFO: data_ingestion: file already exist]
[2025-08-16 11:46:52,897: INFO: main: >>>>>> stage Data Ingestion Stage completed <<<<<]
[2025-08-16 11:46:52,897: INFO: main: >>>>>stage Data Validation Stage started <<<]
[2025-08-16 11:46:52,899: INFO: common: yaml file: config\config.yaml loaded successfully]
[2025-08-16 11:46:52,900: INFO: common: yaml file: schema.yaml loaded successfully]
[2025-08-16 11:46:52,901: INFO: common: created directory at : artifacts]
[2025-08-16 11:46:52,901: INFO: common: created directory at : artifacts/data_validation]
[2025-08-16 11:46:52,902: INFO: common: created directory at : artifacts/quarantine]
[2025-08-16 11:46:52,905: INFO: common: created directory at : artifacts/valid_data]
[2025-08-16 11:46:52,926: INFO: data_validation: Data is Valid, moved to artifacts/valid_data and ready to use for further processing]
[2025-08-16 11:46:52,927: INFO: main: >>>>> Data Validation Stage completed <<<<<]
[2025-08-16 11:50:32,620: INFO: main: >>>>>stage Data Ingestion Stage started <<<<]
[2025-08-16 11:50:32,621: INFO: common: yaml file: config\config.yaml loaded successfully]
[2025-08-16 11:50:32,623: INFO: common: yaml file: schema.yaml loaded successfully]
[2025-08-16 11:50:32,624: INFO: common: created directory at : artifacts]
[2025-08-16 11:50:32,624: INFO: common: created directory at : artifacts/data_ingestion]
[2025-08-16 11:50:32,625: INFO: data_ingestion: file already exist]
[2025-08-16 11:50:32,631: INFO: data_ingestion: File unzipped successfully]
[2025-08-16 11:50:32,631: INFO: main: >>>>>> stage Data Ingestion Stage completed <<<<<]
[2025-08-16 11:50:32,631: INFO: main: >>>>>stage Data Validation Stage started <<<]
[2025-08-16 11:50:32,632: INFO: common: yaml file: config\config.yaml loaded successfully]
[2025-08-16 11:50:32,635: INFO: common: yaml file: schema.yaml loaded successfully]
[2025-08-16 11:50:32,636: INFO: common: created directory at : artifacts]
[2025-08-16 11:50:32,637: INFO: common: created directory at : artifacts/data_validation]
[2025-08-16 11:50:32,637: INFO: common: created directory at : artifacts/quarantine]
[2025-08-16 11:50:32,638: INFO: common: created directory at : artifacts/valid_data]
[2025-08-16 11:50:32,656: INFO: data_validation: Data is Valid, moved to artifacts/valid_data and ready to use for further processing]
[2025-08-16 11:50:32,657: INFO: main: >>>>> Data Validation Stage completed <<<<<]
[2025-08-16 11:50:59,787: INFO: main: >>>>>stage Data Ingestion Stage started <<<<]
[2025-08-16 11:50:59,788: INFO: common: yaml file: config\config.yaml loaded successfully]
[2025-08-16 11:50:59,789: INFO: common: yaml file: schema.yaml loaded successfully]
[2025-08-16 11:50:59,790: INFO: common: created directory at : artifacts]
[2025-08-16 11:50:59,790: INFO: common: created directory at : artifacts/data_ingestion]
[2025-08-16 11:50:59,790: INFO: data_ingestion: file already exist]
[2025-08-16 11:50:59,795: INFO: data_ingestion: File unzipped successfully]
[2025-08-16 11:50:59,796: INFO: main: >>>>>> stage Data Ingestion Stage completed <<<<<]
[2025-08-16 11:50:59,796: INFO: main: >>>>>stage Data Validation Stage started <<<]
[2025-08-16 11:50:59,797: INFO: common: yaml file: config\config.yaml loaded successfully]
[2025-08-16 11:50:59,799: INFO: common: yaml file: schema.yaml loaded successfully]
[2025-08-16 11:50:59,799: INFO: common: created directory at : artifacts]
[2025-08-16 11:50:59,802: INFO: common: created directory at : artifacts/data_validation]
[2025-08-16 11:50:59,802: INFO: common: created directory at : artifacts/quarantine]
[2025-08-16 11:50:59,803: INFO: common: created directory at : artifacts/valid_data]
[2025-08-16 11:52:28,042: INFO: main: >>>>>stage Data Ingestion Stage started <<<<]
[2025-08-16 11:52:28,043: INFO: common: yaml file: config\config.yaml loaded successfully]
[2025-08-16 11:52:28,044: INFO: common: yaml file: schema.yaml loaded successfully]
[2025-08-16 11:52:28,045: INFO: common: created directory at : artifacts]
[2025-08-16 11:52:28,045: INFO: common: created directory at : artifacts/data_ingestion]
[2025-08-16 11:52:28,045: INFO: data_ingestion: file already exist]
[2025-08-16 11:52:28,049: INFO: data_ingestion: File unzipped successfully]
[2025-08-16 11:52:28,049: INFO: main: >>>>>> stage Data Ingestion Stage completed <<<<<]
[2025-08-16 11:52:28,050: INFO: main: >>>>>stage Data Validation Stage started <<<]
[2025-08-16 11:52:28,050: INFO: common: yaml file: config\config.yaml loaded successfully]
[2025-08-16 11:52:28,051: INFO: common: yaml file: schema.yaml loaded successfully]
[2025-08-16 11:52:28,052: INFO: common: created directory at : artifacts]
[2025-08-16 11:52:28,057: INFO: common: created directory at : artifacts/data_validation]
[2025-08-16 11:52:28,057: INFO: common: created directory at : artifacts/quarantine]
[2025-08-16 11:52:28,058: INFO: common: created directory at : artifacts/valid_data]
[2025-08-16 11:52:28,079: INFO: data_validation: Data is Valid, moved to artifacts/valid_data and ready to use for further processing]
[2025-08-16 11:52:28,080: INFO: main: >>>>> Data Validation Stage completed <<<<<]
[2025-08-16 11:53:57,179: INFO: main: >>>>>stage Data Ingestion Stage started <<<<]
[2025-08-16 11:53:57,180: INFO: common: yaml file: config\config.yaml loaded successfully]
[2025-08-16 11:53:57,182: INFO: common: yaml file: schema.yaml loaded successfully]
[2025-08-16 11:53:57,183: INFO: common: created directory at : artifacts]
[2025-08-16 11:53:57,183: INFO: common: created directory at : artifacts/data_ingestion]
[2025-08-16 11:53:57,183: INFO: data_ingestion: file already exist]
[2025-08-16 11:53:57,188: INFO: data_ingestion: File unzipped successfully]
[2025-08-16 11:53:57,189: INFO: main: >>>>>> stage Data Ingestion Stage completed <<<<<]
[2025-08-16 11:53:57,189: INFO: main: >>>>>stage Data Validation Stage started <<<]
[2025-08-16 11:53:57,191: INFO: common: yaml file: config\config.yaml loaded successfully]
[2025-08-16 11:53:57,193: INFO: common: yaml file: schema.yaml loaded successfully]
[2025-08-16 11:53:57,194: INFO: common: created directory at : artifacts]
[2025-08-16 11:53:57,196: INFO: common: created directory at : artifacts/data_validation]
[2025-08-16 11:53:57,198: INFO: common: created directory at : artifacts/quarantine]
[2025-08-16 11:53:57,199: INFO: common: created directory at : artifacts/valid_data]
[2025-08-16 11:53:57,236: INFO: data_validation: Extra column found in dataset at artifacts/data_ingestion/AirQualityUCI.csv and moved to artifacts/quarantine]
[2025-08-16 11:53:57,237: INFO: main: >>>>> Data Validation Stage completed <<<<<]
[2025-08-16 11:55:34,752: INFO: main: >>>>>stage Data Ingestion Stage started <<<<]
[2025-08-16 11:55:34,754: INFO: common: yaml file: config\config.yaml loaded successfully]
[2025-08-16 11:55:34,757: INFO: common: yaml file: schema.yaml loaded successfully]
[2025-08-16 11:55:34,758: INFO: common: created directory at : artifacts]
[2025-08-16 11:55:34,758: INFO: common: created directory at : artifacts/data_ingestion]
[2025-08-16 11:55:34,759: INFO: data_ingestion: file already exist]
[2025-08-16 11:55:34,764: INFO: data_ingestion: File unzipped successfully]
[2025-08-16 11:55:34,765: INFO: main: >>>>>> stage Data Ingestion Stage completed <<<<<]
[2025-08-16 11:55:34,765: INFO: main: >>>>>stage Data Validation Stage started <<<]
[2025-08-16 11:55:34,767: INFO: common: yaml file: config\config.yaml loaded successfully]
[2025-08-16 11:55:34,769: INFO: common: yaml file: schema.yaml loaded successfully]
[2025-08-16 11:55:34,770: INFO: common: created directory at : artifacts]
[2025-08-16 11:55:34,770: INFO: common: created directory at : artifacts/data_validation]
[2025-08-16 11:55:34,770: INFO: common: created directory at : artifacts/quarantine]
[2025-08-16 11:55:34,771: INFO: common: created directory at : artifacts/valid_data]
[2025-08-16 11:55:34,791: INFO: data_validation: Data is Valid, moved to artifacts/valid_data and ready to use for further processing]
[2025-08-16 11:55:34,792: INFO: main: >>>>> Data Validation Stage completed <<<<<]
